<?xml version="1.0" encoding="UTF-8"?>
<!-- Generated by org.testng.reporters.JUnitXMLReporter -->
<testsuite ignored="2" hostname="DESKTOP-EQU5D95" failures="0" tests="1" name="Default test(failed)" time="0.088" errors="0" timestamp="2022-06-27T15:23:45 IST">
  <testcase classname="TestNg.ex_12_failedXML1" name="Tc2" time="0.011"/>
  <testcase classname="TestNg.ex_12_failedXML1" name="Tc3" time="0.0">
    <ignored/>
  </testcase> <!-- Tc3 -->
  <testcase classname="TestNg.ex_12_failedXML1" name="Tc1" time="0.0">
    <ignored/>
  </testcase> <!-- Tc1 -->
</testsuite> <!-- Default test(failed) -->
