<?xml version="1.0" encoding="UTF-8"?>
<!-- Generated by org.testng.reporters.JUnitXMLReporter -->
<testsuite ignored="6" hostname="DESKTOP-EQU5D95" failures="0" tests="7" name="Test" time="0.101" errors="0" timestamp="2022-06-27T16:09:20 IST">
  <testcase classname="TestNg.EX_13_group1" name="Tc4" time="0.011"/>
  <testcase classname="TestNg.EX_13_group1" name="Tc5" time="0.001"/>
  <testcase classname="TestNg.EX_13_group1" name="Tc6" time="0.001"/>
  <testcase classname="TestNg.EX_13_group2" name="T12" time="0.003"/>
  <testcase classname="TestNg.EX_13_group2" name="Tc10" time="0.002"/>
  <testcase classname="TestNg.EX_13_group2" name="Tc11" time="0.001"/>
  <testcase classname="TestNg.EX_13_group2" name="Tc13" time="0.002"/>
  <testcase classname="TestNg.EX_13_group1" name="Tc1" time="0.0">
    <ignored/>
  </testcase> <!-- Tc1 -->
  <testcase classname="TestNg.EX_13_group1" name="Tc3" time="0.0">
    <ignored/>
  </testcase> <!-- Tc3 -->
  <testcase classname="TestNg.EX_13_group1" name="Tc2" time="0.0">
    <ignored/>
  </testcase> <!-- Tc2 -->
  <testcase classname="TestNg.EX_13_group2" name="Tc7" time="0.0">
    <ignored/>
  </testcase> <!-- Tc7 -->
  <testcase classname="TestNg.EX_13_group2" name="Tc8" time="0.0">
    <ignored/>
  </testcase> <!-- Tc8 -->
  <testcase classname="TestNg.EX_13_group2" name="Tc9" time="0.0">
    <ignored/>
  </testcase> <!-- Tc9 -->
</testsuite> <!-- Test -->
