<?xml version="1.0" encoding="UTF-8"?>
<!-- Generated by org.testng.reporters.JUnitXMLReporter -->
<testsuite ignored="3" hostname="DESKTOP-EQU5D95" failures="0" tests="10" name="Test1" time="0.083" errors="0" timestamp="2022-06-27T16:04:32 IST">
  <testcase classname="TestNg.EX_13_group1" name="Tc1" time="0.01"/>
  <testcase classname="TestNg.EX_13_group1" name="Tc2" time="0.001"/>
  <testcase classname="TestNg.EX_13_group1" name="Tc3" time="0.001"/>
  <testcase classname="TestNg.EX_13_group1" name="Tc4" time="0.003"/>
  <testcase classname="TestNg.EX_13_group1" name="Tc5" time="0.001"/>
  <testcase classname="TestNg.EX_13_group2" name="Tc10" time="0.001"/>
  <testcase classname="TestNg.EX_13_group2" name="Tc11" time="0.0"/>
  <testcase classname="TestNg.EX_13_group2" name="Tc7" time="0.0"/>
  <testcase classname="TestNg.EX_13_group2" name="Tc8" time="0.001"/>
  <testcase classname="TestNg.EX_13_group2" name="Tc9" time="0.001"/>
  <testcase classname="TestNg.EX_13_group2" name="Tc13" time="0.0">
    <ignored/>
  </testcase> <!-- Tc13 -->
  <testcase classname="TestNg.EX_13_group2" name="T12" time="0.0">
    <ignored/>
  </testcase> <!-- T12 -->
  <testcase classname="TestNg.EX_13_group1" name="Tc6" time="0.0">
    <ignored/>
  </testcase> <!-- Tc6 -->
</testsuite> <!-- Test1 -->
