<?xml version="1.0" encoding="UTF-8"?>
<!-- Generated by org.testng.reporters.JUnitXMLReporter -->
<testsuite ignored="4" hostname="DESKTOP-EQU5D95" failures="0" tests="2" name="Test(failed)(failed)(failed)" time="0.068" errors="0" timestamp="2022-06-25T10:35:07 IST">
  <testcase classname="TestNg.ex_12_failedXML1" name="Tc2" time="0.014"/>
  <testcase classname="TestNg.ex12_failedXML2" name="Tc6" time="0.005"/>
  <testcase classname="TestNg.ex12_failedXML2" name="Tc5" time="0.0">
    <ignored/>
  </testcase> <!-- Tc5 -->
  <testcase classname="TestNg.ex12_failedXML2" name="Tc4" time="0.0">
    <ignored/>
  </testcase> <!-- Tc4 -->
  <testcase classname="TestNg.ex_12_failedXML1" name="Tc3" time="0.0">
    <ignored/>
  </testcase> <!-- Tc3 -->
  <testcase classname="TestNg.ex_12_failedXML1" name="Tc1" time="0.0">
    <ignored/>
  </testcase> <!-- Tc1 -->
</testsuite> <!-- Test(failed)(failed)(failed) -->
